c:\users\admin\nitghtest\bigcalculator\debug\vc142.pdb
c:\users\admin\nitghtest\bigcalculator\debug\vc142.idb
c:\users\admin\nitghtest\bigcalculator\debug\number.obj
c:\users\admin\nitghtest\bigcalculator\debug\main.obj
c:\users\admin\nitghtest\bigcalculator\debug\bigcalculator.pdb
c:\users\admin\nitghtest\bigcalculator\debug\bigcalculator.tlog\cl.command.1.tlog
c:\users\admin\nitghtest\bigcalculator\debug\bigcalculator.tlog\cl.read.1.tlog
c:\users\admin\nitghtest\bigcalculator\debug\bigcalculator.tlog\cl.write.1.tlog
c:\users\admin\nitghtest\bigcalculator\debug\bigcalculator.tlog\link-cvtres.read.1.tlog
c:\users\admin\nitghtest\bigcalculator\debug\bigcalculator.tlog\link-cvtres.write.1.tlog
c:\users\admin\nitghtest\bigcalculator\debug\bigcalculator.tlog\link-rc.read.1.tlog
c:\users\admin\nitghtest\bigcalculator\debug\bigcalculator.tlog\link-rc.write.1.tlog
c:\users\admin\nitghtest\bigcalculator\debug\bigcalculator.tlog\link.17312-cvtres.read.1.tlog
c:\users\admin\nitghtest\bigcalculator\debug\bigcalculator.tlog\link.17312-cvtres.write.1.tlog
c:\users\admin\nitghtest\bigcalculator\debug\bigcalculator.tlog\link.17312-rc.read.1.tlog
c:\users\admin\nitghtest\bigcalculator\debug\bigcalculator.tlog\link.17312-rc.write.1.tlog
c:\users\admin\nitghtest\bigcalculator\debug\bigcalculator.tlog\link.17312.read.1.tlog
c:\users\admin\nitghtest\bigcalculator\debug\bigcalculator.tlog\link.17312.write.1.tlog
c:\users\admin\nitghtest\bigcalculator\debug\bigcalculator.tlog\link.command.1.tlog
c:\users\admin\nitghtest\bigcalculator\debug\bigcalculator.tlog\link.read.1.tlog
c:\users\admin\nitghtest\bigcalculator\debug\bigcalculator.tlog\link.write.1.tlog
