  prevention and compute.cpp
C:\nitghTest\BigCalculator\prevention and compute.cpp(17,20): warning C4018: '<': signed/unsigned 不相符
C:\nitghTest\BigCalculator\prevention and compute.cpp(43,20): warning C4018: '<': signed/unsigned 不相符
C:\nitghTest\BigCalculator\prevention and compute.cpp(77,23): warning C4244: '引數': 將 '__int64' 轉換為 'const unsigned int'，由於類型不同，可能導致資料遺失
C:\nitghTest\BigCalculator\prevention and compute.cpp(198,20): warning C4018: '<': signed/unsigned 不相符
C:\nitghTest\BigCalculator\prevention and compute.cpp(229,21): warning C4018: '<': signed/unsigned 不相符
C:\nitghTest\BigCalculator\prevention and compute.cpp(234,14): warning C4244: '正在初始化': 將 '__int64' 轉換為 'int'，由於類型不同，可能導致資料遺失
C:\nitghTest\BigCalculator\prevention and compute.cpp(234,30): warning C4018: '<': signed/unsigned 不相符
C:\nitghTest\BigCalculator\prevention and compute.cpp(258,14): warning C4244: '正在初始化': 將 '__int64' 轉換為 'int'，由於類型不同，可能導致資料遺失
C:\nitghTest\BigCalculator\prevention and compute.cpp(285,14): warning C4244: '正在初始化': 將 '__int64' 轉換為 'int'，由於類型不同，可能導致資料遺失
C:\nitghTest\BigCalculator\prevention and compute.cpp(312,14): warning C4244: '正在初始化': 將 '__int64' 轉換為 'int'，由於類型不同，可能導致資料遺失
C:\nitghTest\BigCalculator\prevention and compute.cpp(346,33): warning C4244: '引數': 將 '__int64' 轉換為 'const unsigned int'，由於類型不同，可能導致資料遺失
C:\nitghTest\BigCalculator\prevention and compute.cpp(348,21): warning C4244: '引數': 將 '__int64' 轉換為 'const unsigned int'，由於類型不同，可能導致資料遺失
C:\nitghTest\BigCalculator\prevention and compute.cpp(348,47): warning C4244: '引數': 將 '__int64' 轉換為 'const unsigned int'，由於類型不同，可能導致資料遺失
C:\nitghTest\BigCalculator\prevention and compute.cpp(349,19): warning C4244: '引數': 將 '__int64' 轉換為 'const unsigned int'，由於類型不同，可能導致資料遺失
C:\nitghTest\BigCalculator\prevention and compute.cpp(350,17): warning C4244: '引數': 將 '__int64' 轉換為 'const unsigned int'，由於類型不同，可能導致資料遺失
C:\nitghTest\BigCalculator\prevention and compute.cpp(359,21): warning C4244: '引數': 將 '__int64' 轉換為 'const unsigned int'，由於類型不同，可能導致資料遺失
C:\nitghTest\BigCalculator\prevention and compute.cpp(359,49): warning C4244: '引數': 將 '__int64' 轉換為 'const unsigned int'，由於類型不同，可能導致資料遺失
C:\nitghTest\BigCalculator\prevention and compute.cpp(360,17): warning C4244: '引數': 將 '__int64' 轉換為 'const unsigned int'，由於類型不同，可能導致資料遺失
C:\nitghTest\BigCalculator\prevention and compute.cpp(370,19): warning C4244: '引數': 將 '__int64' 轉換為 'const unsigned int'，由於類型不同，可能導致資料遺失
C:\nitghTest\BigCalculator\prevention and compute.cpp(370,45): warning C4244: '引數': 將 '__int64' 轉換為 'const unsigned int'，由於類型不同，可能導致資料遺失
C:\nitghTest\BigCalculator\prevention and compute.cpp(370,69): warning C4244: '引數': 將 '__int64' 轉換為 'const unsigned int'，由於類型不同，可能導致資料遺失
C:\nitghTest\BigCalculator\prevention and compute.cpp(371,21): warning C4244: '引數': 將 '__int64' 轉換為 'const unsigned int'，由於類型不同，可能導致資料遺失
C:\nitghTest\BigCalculator\prevention and compute.cpp(371,49): warning C4244: '引數': 將 '__int64' 轉換為 'const unsigned int'，由於類型不同，可能導致資料遺失
C:\nitghTest\BigCalculator\prevention and compute.cpp(371,71): warning C4244: '引數': 將 '__int64' 轉換為 'const unsigned int'，由於類型不同，可能導致資料遺失
C:\nitghTest\BigCalculator\prevention and compute.cpp(373,17): warning C4244: '引數': 將 '__int64' 轉換為 'const unsigned int'，由於類型不同，可能導致資料遺失
C:\nitghTest\BigCalculator\prevention and compute.cpp(374,41): warning C4244: '引數': 將 '__int64' 轉換為 'const int'，由於類型不同，可能導致資料遺失
C:\nitghTest\BigCalculator\prevention and compute.cpp(375,45): warning C4244: '引數': 將 '__int64' 轉換為 'const int'，由於類型不同，可能導致資料遺失
C:\nitghTest\BigCalculator\prevention and compute.cpp(376,49): warning C4244: '引數': 將 '__int64' 轉換為 'const int'，由於類型不同，可能導致資料遺失
C:\nitghTest\BigCalculator\prevention and compute.cpp(401,17): warning C4244: '引數': 將 '__int64' 轉換為 'const unsigned int'，由於類型不同，可能導致資料遺失
C:\nitghTest\BigCalculator\prevention and compute.cpp(401,43): warning C4244: '引數': 將 '__int64' 轉換為 'const unsigned int'，由於類型不同，可能導致資料遺失
C:\nitghTest\BigCalculator\prevention and compute.cpp(402,15): warning C4244: '引數': 將 '__int64' 轉換為 'const unsigned int'，由於類型不同，可能導致資料遺失
C:\nitghTest\BigCalculator\prevention and compute.cpp(411,17): warning C4244: '引數': 將 '__int64' 轉換為 'const unsigned int'，由於類型不同，可能導致資料遺失
C:\nitghTest\BigCalculator\prevention and compute.cpp(411,43): warning C4244: '引數': 將 '__int64' 轉換為 'const unsigned int'，由於類型不同，可能導致資料遺失
C:\nitghTest\BigCalculator\prevention and compute.cpp(412,15): warning C4244: '引數': 將 '__int64' 轉換為 'const unsigned int'，由於類型不同，可能導致資料遺失
C:\nitghTest\BigCalculator\prevention and compute.cpp(422,17): warning C4244: '引數': 將 '__int64' 轉換為 'const unsigned int'，由於類型不同，可能導致資料遺失
C:\nitghTest\BigCalculator\prevention and compute.cpp(422,43): warning C4244: '引數': 將 '__int64' 轉換為 'const unsigned int'，由於類型不同，可能導致資料遺失
C:\nitghTest\BigCalculator\prevention and compute.cpp(422,65): warning C4244: '引數': 將 '__int64' 轉換為 'const unsigned int'，由於類型不同，可能導致資料遺失
C:\nitghTest\BigCalculator\prevention and compute.cpp(423,19): warning C4244: '引數': 將 '__int64' 轉換為 'const unsigned int'，由於類型不同，可能導致資料遺失
C:\nitghTest\BigCalculator\prevention and compute.cpp(423,47): warning C4244: '引數': 將 '__int64' 轉換為 'const unsigned int'，由於類型不同，可能導致資料遺失
C:\nitghTest\BigCalculator\prevention and compute.cpp(423,71): warning C4244: '引數': 將 '__int64' 轉換為 'const unsigned int'，由於類型不同，可能導致資料遺失
C:\nitghTest\BigCalculator\prevention and compute.cpp(425,15): warning C4244: '引數': 將 '__int64' 轉換為 'const unsigned int'，由於類型不同，可能導致資料遺失
C:\nitghTest\BigCalculator\prevention and compute.cpp(426,39): warning C4244: '引數': 將 '__int64' 轉換為 'const int'，由於類型不同，可能導致資料遺失
C:\nitghTest\BigCalculator\prevention and compute.cpp(427,43): warning C4244: '引數': 將 '__int64' 轉換為 'const int'，由於類型不同，可能導致資料遺失
C:\nitghTest\BigCalculator\prevention and compute.cpp(428,47): warning C4244: '引數': 將 '__int64' 轉換為 'const int'，由於類型不同，可能導致資料遺失
C:\nitghTest\BigCalculator\prevention and compute.cpp(444,14): warning C4244: '正在初始化': 將 '__int64' 轉換為 'int'，由於類型不同，可能導致資料遺失
C:\nitghTest\BigCalculator\prevention and compute.cpp(452,22): warning C4244: '引數': 將 '__int64' 轉換為 'const unsigned int'，由於類型不同，可能導致資料遺失
C:\nitghTest\BigCalculator\prevention and compute.cpp(458,22): warning C4244: '引數': 將 '__int64' 轉換為 'const unsigned int'，由於類型不同，可能導致資料遺失
C:\nitghTest\BigCalculator\prevention and compute.cpp(462,31): warning C4244: '引數': 將 '__int64' 轉換為 'const unsigned int'，由於類型不同，可能導致資料遺失
C:\nitghTest\BigCalculator\prevention and compute.cpp(464,22): warning C4244: '引數': 將 '__int64' 轉換為 'const unsigned int'，由於類型不同，可能導致資料遺失
C:\nitghTest\BigCalculator\prevention and compute.cpp(468,31): warning C4244: '引數': 將 '__int64' 轉換為 'const unsigned int'，由於類型不同，可能導致資料遺失
C:\nitghTest\BigCalculator\prevention and compute.cpp(470,22): warning C4244: '引數': 將 '__int64' 轉換為 'const unsigned int'，由於類型不同，可能導致資料遺失
C:\nitghTest\BigCalculator\prevention and compute.cpp(479,15): warning C4244: '引數': 將 '__int64' 轉換為 'const unsigned int'，由於類型不同，可能導致資料遺失
C:\nitghTest\BigCalculator\prevention and compute.cpp(480,22): warning C4244: '引數': 將 '__int64' 轉換為 'const unsigned int'，由於類型不同，可能導致資料遺失
C:\nitghTest\BigCalculator\prevention and compute.cpp(486,17): warning C4244: '引數': 將 '__int64' 轉換為 'const unsigned int'，由於類型不同，可能導致資料遺失
C:\nitghTest\BigCalculator\prevention and compute.cpp(486,50): warning C4244: '引數': 將 '__int64' 轉換為 'const unsigned int'，由於類型不同，可能導致資料遺失
C:\nitghTest\BigCalculator\prevention and compute.cpp(487,19): warning C4244: '引數': 將 '__int64' 轉換為 'const unsigned int'，由於類型不同，可能導致資料遺失
C:\nitghTest\BigCalculator\prevention and compute.cpp(487,54): warning C4244: '引數': 將 '__int64' 轉換為 'const unsigned int'，由於類型不同，可能導致資料遺失
C:\nitghTest\BigCalculator\prevention and compute.cpp(488,15): warning C4244: '引數': 將 '__int64' 轉換為 'const unsigned int'，由於類型不同，可能導致資料遺失
C:\nitghTest\BigCalculator\prevention and compute.cpp(489,22): warning C4244: '引數': 將 '__int64' 轉換為 'const unsigned int'，由於類型不同，可能導致資料遺失
C:\nitghTest\BigCalculator\prevention and compute.cpp(491,83): warning C4244: '引數': 將 '__int64' 轉換為 'const unsigned int'，由於類型不同，可能導致資料遺失
C:\nitghTest\BigCalculator\prevention and compute.cpp(494,31): warning C4244: '引數': 將 '__int64' 轉換為 'const unsigned int'，由於類型不同，可能導致資料遺失
C:\nitghTest\BigCalculator\prevention and compute.cpp(495,17): warning C4244: '引數': 將 '__int64' 轉換為 'const unsigned int'，由於類型不同，可能導致資料遺失
C:\nitghTest\BigCalculator\prevention and compute.cpp(495,43): warning C4244: '引數': 將 '__int64' 轉換為 'const unsigned int'，由於類型不同，可能導致資料遺失
C:\nitghTest\BigCalculator\prevention and compute.cpp(495,71): warning C4244: '引數': 將 '__int64' 轉換為 'const unsigned int'，由於類型不同，可能導致資料遺失
C:\nitghTest\BigCalculator\prevention and compute.cpp(496,15): warning C4244: '引數': 將 '__int64' 轉換為 'const unsigned int'，由於類型不同，可能導致資料遺失
C:\nitghTest\BigCalculator\prevention and compute.cpp(497,22): warning C4244: '引數': 將 '__int64' 轉換為 'const unsigned int'，由於類型不同，可能導致資料遺失
C:\nitghTest\BigCalculator\prevention and compute.cpp(499,83): warning C4244: '引數': 將 '__int64' 轉換為 'const unsigned int'，由於類型不同，可能導致資料遺失
C:\nitghTest\BigCalculator\prevention and compute.cpp(503,17): warning C4244: '引數': 將 '__int64' 轉換為 'const unsigned int'，由於類型不同，可能導致資料遺失
C:\nitghTest\BigCalculator\prevention and compute.cpp(503,43): warning C4244: '引數': 將 '__int64' 轉換為 'const unsigned int'，由於類型不同，可能導致資料遺失
C:\nitghTest\BigCalculator\prevention and compute.cpp(503,78): warning C4244: '引數': 將 '__int64' 轉換為 'const unsigned int'，由於類型不同，可能導致資料遺失
C:\nitghTest\BigCalculator\prevention and compute.cpp(505,83): warning C4244: '引數': 將 '__int64' 轉換為 'const unsigned int'，由於類型不同，可能導致資料遺失
C:\nitghTest\BigCalculator\prevention and compute.cpp(509,23): warning C4244: '引數': 將 '__int64' 轉換為 'const unsigned int'，由於類型不同，可能導致資料遺失
C:\nitghTest\BigCalculator\prevention and compute.cpp(509,46): warning C4244: '引數': 將 '__int64' 轉換為 'const unsigned int'，由於類型不同，可能導致資料遺失
C:\nitghTest\BigCalculator\prevention and compute.cpp(511,18): warning C4244: '引數': 將 '__int64' 轉換為 'const unsigned int'，由於類型不同，可能導致資料遺失
C:\nitghTest\BigCalculator\prevention and compute.cpp(511,38): warning C4244: '引數': 將 '__int64' 轉換為 'const unsigned int'，由於類型不同，可能導致資料遺失
C:\nitghTest\BigCalculator\prevention and compute.cpp(511,58): warning C4244: '引數': 將 '__int64' 轉換為 'const unsigned int'，由於類型不同，可能導致資料遺失
C:\nitghTest\BigCalculator\prevention and compute.cpp(512,26): warning C4244: '引數': 將 '__int64' 轉換為 'const unsigned int'，由於類型不同，可能導致資料遺失
C:\nitghTest\BigCalculator\prevention and compute.cpp(516,18): warning C4244: '引數': 將 '__int64' 轉換為 'const unsigned int'，由於類型不同，可能導致資料遺失
C:\nitghTest\BigCalculator\prevention and compute.cpp(516,45): warning C4244: '引數': 將 '__int64' 轉換為 'const unsigned int'，由於類型不同，可能導致資料遺失
C:\nitghTest\BigCalculator\prevention and compute.cpp(516,67): warning C4244: '引數': 將 '__int64' 轉換為 'const unsigned int'，由於類型不同，可能導致資料遺失
C:\nitghTest\BigCalculator\prevention and compute.cpp(516,95): warning C4244: '引數': 將 '__int64' 轉換為 'const unsigned int'，由於類型不同，可能導致資料遺失
C:\nitghTest\BigCalculator\prevention and compute.cpp(516,117): warning C4244: '引數': 將 '__int64' 轉換為 'const unsigned int'，由於類型不同，可能導致資料遺失
C:\nitghTest\BigCalculator\prevention and compute.cpp(517,20): warning C4244: '引數': 將 '__int64' 轉換為 'const unsigned int'，由於類型不同，可能導致資料遺失
C:\nitghTest\BigCalculator\prevention and compute.cpp(517,42): warning C4244: '引數': 將 '__int64' 轉換為 'const unsigned int'，由於類型不同，可能導致資料遺失
C:\nitghTest\BigCalculator\prevention and compute.cpp(517,64): warning C4244: '引數': 將 '__int64' 轉換為 'const unsigned int'，由於類型不同，可能導致資料遺失
C:\nitghTest\BigCalculator\prevention and compute.cpp(518,26): warning C4244: '引數': 將 '__int64' 轉換為 'const unsigned int'，由於類型不同，可能導致資料遺失
C:\nitghTest\BigCalculator\prevention and compute.cpp(522,83): warning C4244: '引數': 將 '__int64' 轉換為 'const unsigned int'，由於類型不同，可能導致資料遺失
C:\nitghTest\BigCalculator\prevention and compute.cpp(525,31): warning C4244: '引數': 將 '__int64' 轉換為 'const unsigned int'，由於類型不同，可能導致資料遺失
C:\nitghTest\BigCalculator\prevention and compute.cpp(526,17): warning C4244: '引數': 將 '__int64' 轉換為 'const unsigned int'，由於類型不同，可能導致資料遺失
C:\nitghTest\BigCalculator\prevention and compute.cpp(526,56): warning C4244: '引數': 將 '__int64' 轉換為 'const unsigned int'，由於類型不同，可能導致資料遺失
C:\nitghTest\BigCalculator\prevention and compute.cpp(526,79): warning C4244: '引數': 將 '__int64' 轉換為 'const unsigned int'，由於類型不同，可能導致資料遺失
C:\nitghTest\BigCalculator\prevention and compute.cpp(527,15): warning C4244: '引數': 將 '__int64' 轉換為 'const unsigned int'，由於類型不同，可能導致資料遺失
C:\nitghTest\BigCalculator\prevention and compute.cpp(528,22): warning C4244: '引數': 將 '__int64' 轉換為 'const unsigned int'，由於類型不同，可能導致資料遺失
C:\nitghTest\BigCalculator\prevention and compute.cpp(530,83): warning C4244: '引數': 將 '__int64' 轉換為 'const unsigned int'，由於類型不同，可能導致資料遺失
C:\nitghTest\BigCalculator\prevention and compute.cpp(534,17): warning C4244: '引數': 將 '__int64' 轉換為 'const unsigned int'，由於類型不同，可能導致資料遺失
C:\nitghTest\BigCalculator\prevention and compute.cpp(534,43): warning C4244: '引數': 將 '__int64' 轉換為 'const unsigned int'，由於類型不同，可能導致資料遺失
C:\nitghTest\BigCalculator\prevention and compute.cpp(534,78): warning C4244: '引數': 將 '__int64' 轉換為 'const unsigned int'，由於類型不同，可能導致資料遺失
C:\nitghTest\BigCalculator\prevention and compute.cpp(536,83): warning C4244: '引數': 將 '__int64' 轉換為 'const unsigned int'，由於類型不同，可能導致資料遺失
C:\nitghTest\BigCalculator\prevention and compute.cpp(540,23): warning C4244: '引數': 將 '__int64' 轉換為 'const unsigned int'，由於類型不同，可能導致資料遺失
C:\nitghTest\BigCalculator\prevention and compute.cpp(540,46): warning C4244: '引數': 將 '__int64' 轉換為 'const unsigned int'，由於類型不同，可能導致資料遺失
C:\nitghTest\BigCalculator\prevention and compute.cpp(542,18): warning C4244: '引數': 將 '__int64' 轉換為 'const unsigned int'，由於類型不同，可能導致資料遺失
C:\nitghTest\BigCalculator\prevention and compute.cpp(542,38): warning C4244: '引數': 將 '__int64' 轉換為 'const unsigned int'，由於類型不同，可能導致資料遺失
C:\nitghTest\BigCalculator\prevention and compute.cpp(542,58): warning C4244: '引數': 將 '__int64' 轉換為 'const unsigned int'，由於類型不同，可能導致資料遺失
C:\nitghTest\BigCalculator\prevention and compute.cpp(546,18): warning C4244: '引數': 將 '__int64' 轉換為 'const unsigned int'，由於類型不同，可能導致資料遺失
C:\nitghTest\BigCalculator\prevention and compute.cpp(546,45): warning C4244: '引數': 將 '__int64' 轉換為 'const unsigned int'，由於類型不同，可能導致資料遺失
C:\nitghTest\BigCalculator\prevention and compute.cpp(546,67): warning C4244: '引數': 將 '__int64' 轉換為 'const unsigned int'，由於類型不同，可能導致資料遺失
C:\nitghTest\BigCalculator\prevention and compute.cpp(546,95): warning C4244: '引數': 將 '__int64' 轉換為 'const unsigned int'，由於類型不同，可能導致資料遺失
C:\nitghTest\BigCalculator\prevention and compute.cpp(546,117): warning C4244: '引數': 將 '__int64' 轉換為 'const unsigned int'，由於類型不同，可能導致資料遺失
C:\nitghTest\BigCalculator\prevention and compute.cpp(547,20): warning C4244: '引數': 將 '__int64' 轉換為 'const unsigned int'，由於類型不同，可能導致資料遺失
C:\nitghTest\BigCalculator\prevention and compute.cpp(547,42): warning C4244: '引數': 將 '__int64' 轉換為 'const unsigned int'，由於類型不同，可能導致資料遺失
C:\nitghTest\BigCalculator\prevention and compute.cpp(547,64): warning C4244: '引數': 將 '__int64' 轉換為 'const unsigned int'，由於類型不同，可能導致資料遺失
C:\nitghTest\BigCalculator\prevention and compute.cpp(562,28): warning C4244: '引數': 將 '__int64' 轉換為 'const unsigned int'，由於類型不同，可能導致資料遺失
C:\nitghTest\BigCalculator\prevention and compute.cpp(562,52): warning C4244: '引數': 將 '__int64' 轉換為 'const unsigned int'，由於類型不同，可能導致資料遺失
C:\nitghTest\BigCalculator\prevention and compute.cpp(573,13): warning C4244: '引數': 將 '__int64' 轉換為 'const unsigned int'，由於類型不同，可能導致資料遺失
C:\nitghTest\BigCalculator\prevention and compute.cpp(573,38): warning C4244: '引數': 將 '__int64' 轉換為 'const unsigned int'，由於類型不同，可能導致資料遺失
C:\nitghTest\BigCalculator\prevention and compute.cpp(574,37): warning C4244: '引數': 將 '__int64' 轉換為 'const int'，由於類型不同，可能導致資料遺失
C:\nitghTest\BigCalculator\prevention and compute.cpp(574,67): warning C4244: '引數': 將 '__int64' 轉換為 'const int'，由於類型不同，可能導致資料遺失
C:\nitghTest\BigCalculator\prevention and compute.cpp(579,13): warning C4244: '引數': 將 '__int64' 轉換為 'const unsigned int'，由於類型不同，可能導致資料遺失
C:\nitghTest\BigCalculator\prevention and compute.cpp(579,33): warning C4244: '引數': 將 '__int64' 轉換為 'const unsigned int'，由於類型不同，可能導致資料遺失
C:\nitghTest\BigCalculator\prevention and compute.cpp(580,20): warning C4244: '引數': 將 '__int64' 轉換為 'const unsigned int'，由於類型不同，可能導致資料遺失
C:\nitghTest\BigCalculator\prevention and compute.cpp(581,20): warning C4244: '引數': 將 '__int64' 轉換為 'const unsigned int'，由於類型不同，可能導致資料遺失
C:\nitghTest\BigCalculator\prevention and compute.cpp(581,39): warning C4244: '引數': 將 '__int64' 轉換為 'const unsigned int'，由於類型不同，可能導致資料遺失
C:\nitghTest\BigCalculator\prevention and compute.cpp(582,37): warning C4244: '引數': 將 '__int64' 轉換為 'const int'，由於類型不同，可能導致資料遺失
C:\nitghTest\BigCalculator\prevention and compute.cpp(582,67): warning C4244: '引數': 將 '__int64' 轉換為 'const int'，由於類型不同，可能導致資料遺失
  BigCalculator.vcxproj -> C:\nitghTest\BigCalculator\Debug\BigCalculator.exe
