  main.cpp
  main.obj : 發現 MSIL 模組。MSIL 的累加連結已停用。正在執行完整連結
EasyXw.lib(Image.obj) : error LNK2019: 在函式 __imp__BitBlt@36"public: __thiscall IMAGE::IMAGE(class IMAGE const &)" (??0IMAGE@@QAE@ABV0@@Z) 中參考了無法解析的外部符號
EasyXw.lib(EasyX.GraphWnd.obj) : error LNK2001: 無法解析的外部符號 __imp__BitBlt@36
EasyXw.lib(EasyX.DrawOnWnd.obj) : error LNK2001: 無法解析的外部符號 __imp__BitBlt@36
EasyXw.lib(EasyX.ImageFunc.obj) : error LNK2001: 無法解析的外部符號 __imp__BitBlt@36
EasyXw.lib(Image.obj) : error LNK2019: 在函式 __imp__CreateCompatibleDC@4"public: __thiscall IMAGE::IMAGE(class IMAGE const &)" (??0IMAGE@@QAE@ABV0@@Z) 中參考了無法解析的外部符號
EasyXw.lib(EasyX.InputBox.obj) : error LNK2001: 無法解析的外部符號 __imp__CreateCompatibleDC@4
EasyXw.lib(Image.obj) : error LNK2019: 在函式 __imp__CreateFontIndirectW@4"public: virtual void __thiscall IMAGE::SetDefault(void)" (?SetDefault@IMAGE@@UAEXXZ) 中參考了無法解析的外部符號
EasyXw.lib(EasyX.GraphWnd.obj) : error LNK2001: 無法解析的外部符號 __imp__CreateFontIndirectW@4
EasyXw.lib(EasyX.InputBox.obj) : error LNK2001: 無法解析的外部符號 __imp__CreateFontIndirectW@4
EasyXw.lib(EasyX.DrawOnImg.obj) : error LNK2001: 無法解析的外部符號 __imp__CreateFontIndirectW@4
EasyXw.lib(Image.obj) : error LNK2019: 在函式 __imp__CreatePen@12"public: virtual void __thiscall IMAGE::SetDefault(void)" (?SetDefault@IMAGE@@UAEXXZ) 中參考了無法解析的外部符號
EasyXw.lib(EasyX.GraphWnd.obj) : error LNK2001: 無法解析的外部符號 __imp__CreatePen@12
EasyXw.lib(Image.obj) : error LNK2019: 在函式 __imp__CreateSolidBrush@4"public: virtual void __thiscall IMAGE::SetDefault(void)" (?SetDefault@IMAGE@@UAEXXZ) 中參考了無法解析的外部符號
EasyXw.lib(EasyX.GraphWnd.obj) : error LNK2001: 無法解析的外部符號 __imp__CreateSolidBrush@4
EasyXw.lib(EasyX.DrawOnImg.obj) : error LNK2001: 無法解析的外部符號 __imp__CreateSolidBrush@4
EasyXw.lib(Image.obj) : error LNK2019: 在函式 __imp__DeleteDC@4"public: __thiscall IMAGE::IMAGE(int,int)" (??0IMAGE@@QAE@HH@Z) 中參考了無法解析的外部符號
EasyXw.lib(EasyX.InputBox.obj) : error LNK2001: 無法解析的外部符號 __imp__DeleteDC@4
EasyXw.lib(EasyX.DrawOnImg.obj) : error LNK2001: 無法解析的外部符號 __imp__DeleteObject@4
EasyXw.lib(Image.obj) : error LNK2001: 無法解析的外部符號 __imp__DeleteObject@4
EasyXw.lib(EasyX.GraphWnd.obj) : error LNK2001: 無法解析的外部符號 __imp__DeleteObject@4
EasyXw.lib(EasyX.ImageFunc.obj) : error LNK2001: 無法解析的外部符號 __imp__DeleteObject@4
EasyXw.lib(EasyX.InputBox.obj) : error LNK2001: 無法解析的外部符號 __imp__DeleteObject@4
EasyXw.lib(Image.obj) : error LNK2019: 在函式 __imp__GetStockObject@4"public: virtual __thiscall IMAGE::~IMAGE(void)" (??1IMAGE@@UAE@XZ) 中參考了無法解析的外部符號
EasyXw.lib(EasyX.GraphWnd.obj) : error LNK2001: 無法解析的外部符號 __imp__GetStockObject@4
EasyXw.lib(EasyX.DrawOnImg.obj) : error LNK2001: 無法解析的外部符號 __imp__GetStockObject@4
EasyXw.lib(Image.obj) : error LNK2019: 在函式 __imp__SelectClipRgn@8"public: virtual void __thiscall IMAGE::SetDefault(void)" (?SetDefault@IMAGE@@UAEXXZ) 中參考了無法解析的外部符號
EasyXw.lib(EasyX.GraphWnd.obj) : error LNK2001: 無法解析的外部符號 __imp__SelectClipRgn@8
EasyXw.lib(EasyX.DrawOnImg.obj) : error LNK2001: 無法解析的外部符號 __imp__SelectClipRgn@8
EasyXw.lib(EasyX.DrawOnImg.obj) : error LNK2001: 無法解析的外部符號 __imp__SelectObject@8
EasyXw.lib(Image.obj) : error LNK2001: 無法解析的外部符號 __imp__SelectObject@8
EasyXw.lib(EasyX.GraphWnd.obj) : error LNK2001: 無法解析的外部符號 __imp__SelectObject@8
EasyXw.lib(EasyX.ImageFunc.obj) : error LNK2001: 無法解析的外部符號 __imp__SelectObject@8
EasyXw.lib(EasyX.InputBox.obj) : error LNK2001: 無法解析的外部符號 __imp__SelectObject@8
EasyXw.lib(Image.obj) : error LNK2019: 在函式 __imp__SetBkColor@8"public: virtual void __thiscall IMAGE::SetDefault(void)" (?SetDefault@IMAGE@@UAEXXZ) 中參考了無法解析的外部符號
EasyXw.lib(EasyX.GraphWnd.obj) : error LNK2001: 無法解析的外部符號 __imp__SetBkColor@8
EasyXw.lib(EasyX.DrawOnImg.obj) : error LNK2001: 無法解析的外部符號 __imp__SetBkColor@8
EasyXw.lib(Image.obj) : error LNK2019: 在函式 __imp__SetBkMode@8"public: virtual void __thiscall IMAGE::SetDefault(void)" (?SetDefault@IMAGE@@UAEXXZ) 中參考了無法解析的外部符號
EasyXw.lib(EasyX.GraphWnd.obj) : error LNK2001: 無法解析的外部符號 __imp__SetBkMode@8
EasyXw.lib(EasyX.DrawOnImg.obj) : error LNK2001: 無法解析的外部符號 __imp__SetBkMode@8
EasyXw.lib(Image.obj) : error LNK2019: 在函式 __imp__SetGraphicsMode@8"public: virtual void __thiscall IMAGE::SetDefault(void)" (?SetDefault@IMAGE@@UAEXXZ) 中參考了無法解析的外部符號
EasyXw.lib(EasyX.GraphWnd.obj) : error LNK2001: 無法解析的外部符號 __imp__SetGraphicsMode@8
EasyXw.lib(Image.obj) : error LNK2019: 在函式 __imp__SetTextColor@8"public: virtual void __thiscall IMAGE::SetDefault(void)" (?SetDefault@IMAGE@@UAEXXZ) 中參考了無法解析的外部符號
EasyXw.lib(EasyX.GraphWnd.obj) : error LNK2001: 無法解析的外部符號 __imp__SetTextColor@8
EasyXw.lib(EasyX.DrawOnImg.obj) : error LNK2001: 無法解析的外部符號 __imp__SetTextColor@8
EasyXw.lib(Image.obj) : error LNK2019: 在函式 __imp__SetWorldTransform@8"public: virtual void __thiscall IMAGE::SetDefault(void)" (?SetDefault@IMAGE@@UAEXXZ) 中參考了無法解析的外部符號
EasyXw.lib(EasyX.GraphWnd.obj) : error LNK2001: 無法解析的外部符號 __imp__SetWorldTransform@8
EasyXw.lib(EasyX.DrawOnWnd.obj) : error LNK2001: 無法解析的外部符號 __imp__SetWorldTransform@8
EasyXw.lib(EasyX.DrawOnImg.obj) : error LNK2001: 無法解析的外部符號 __imp__SetWorldTransform@8
EasyXw.lib(Image.obj) : error LNK2019: 在函式 __imp__MoveToEx@16"public: virtual void __thiscall IMAGE::SetDefault(void)" (?SetDefault@IMAGE@@UAEXXZ) 中參考了無法解析的外部符號
EasyXw.lib(EasyX.GraphWnd.obj) : error LNK2001: 無法解析的外部符號 __imp__MoveToEx@16
EasyXw.lib(EasyX.DrawOnImg.obj) : error LNK2001: 無法解析的外部符號 __imp__MoveToEx@16
EasyXw.lib(EasyX.GraphWnd.obj) : error LNK2019: 在函式 __imp__TranslateMessage@4"private: static unsigned long __stdcall EasyX::GraphWnd::ThreadFunc(void *)" (?ThreadFunc@GraphWnd@EasyX@@CGKPAX@Z) 中參考了無法解析的外部符號
EasyXw.lib(EasyX.InputBox.obj) : error LNK2001: 無法解析的外部符號 __imp__TranslateMessage@4
EasyXw.lib(EasyX.GraphWnd.obj) : error LNK2019: 在函式 __imp__DispatchMessageW@4"private: static unsigned long __stdcall EasyX::GraphWnd::ThreadFunc(void *)" (?ThreadFunc@GraphWnd@EasyX@@CGKPAX@Z) 中參考了無法解析的外部符號
EasyXw.lib(EasyX.InputBox.obj) : error LNK2001: 無法解析的外部符號 __imp__DispatchMessageW@4
EasyXw.lib(EasyX.GraphWnd.obj) : error LNK2019: 在函式 __imp__PeekMessageW@20"private: static unsigned long __stdcall EasyX::GraphWnd::ThreadFunc(void *)" (?ThreadFunc@GraphWnd@EasyX@@CGKPAX@Z) 中參考了無法解析的外部符號
EasyXw.lib(EasyX.GraphWnd.obj) : error LNK2019: 在函式 __imp__SendMessageW@16"public: struct MOUSEMSG __thiscall EasyX::GraphWnd::GetMouseMsg(void)" (?GetMouseMsg@GraphWnd@EasyX@@QAE?AUMOUSEMSG@@XZ) 中參考了無法解析的外部符號
EasyXw.lib(EasyX.InputBox.obj) : error LNK2001: 無法解析的外部符號 __imp__SendMessageW@16
EasyXw.lib(EasyX.GraphWnd.obj) : error LNK2019: 在函式 __imp__PostMessageW@16"private: static long __stdcall EasyX::GraphWnd::WndProc(struct HWND__ *,unsigned int,unsigned int,long)" (?WndProc@GraphWnd@EasyX@@CGJPAUHWND__@@IIJ@Z) 中參考了無法解析的外部符號
EasyXw.lib(EasyX.InputBox.obj) : error LNK2001: 無法解析的外部符號 __imp__PostMessageW@16
EasyXw.lib(EasyX.GraphWnd.obj) : error LNK2019: 在函式 __imp__DefWindowProcW@16"private: static long __stdcall EasyX::GraphWnd::WndProc(struct HWND__ *,unsigned int,unsigned int,long)" (?WndProc@GraphWnd@EasyX@@CGJPAUHWND__@@IIJ@Z) 中參考了無法解析的外部符號
EasyXw.lib(EasyX.InputBox.obj) : error LNK2001: 無法解析的外部符號 __imp__DefWindowProcW@16
EasyXw.lib(EasyX.GraphWnd.obj) : error LNK2019: 在函式 __imp__PostQuitMessage@4"private: static long __stdcall EasyX::GraphWnd::WndProc(struct HWND__ *,unsigned int,unsigned int,long)" (?WndProc@GraphWnd@EasyX@@CGJPAUHWND__@@IIJ@Z) 中參考了無法解析的外部符號
EasyXw.lib(EasyX.InputBox.obj) : error LNK2001: 無法解析的外部符號 __imp__PostQuitMessage@4
EasyXw.lib(EasyX.GraphWnd.obj) : error LNK2019: 在函式 __imp__UnregisterClassW@8"private: static unsigned long __stdcall EasyX::GraphWnd::ThreadFunc(void *)" (?ThreadFunc@GraphWnd@EasyX@@CGKPAX@Z) 中參考了無法解析的外部符號
EasyXw.lib(EasyX.GraphWnd.obj) : error LNK2019: 在函式 __imp__RegisterClassExW@4"private: static unsigned long __stdcall EasyX::GraphWnd::ThreadFunc(void *)" (?ThreadFunc@GraphWnd@EasyX@@CGKPAX@Z) 中參考了無法解析的外部符號
EasyXw.lib(EasyX.InputBox.obj) : error LNK2001: 無法解析的外部符號 __imp__RegisterClassExW@4
EasyXw.lib(EasyX.GraphWnd.obj) : error LNK2019: 在函式 __imp__CreateWindowExW@48"private: static unsigned long __stdcall EasyX::GraphWnd::ThreadFunc(void *)" (?ThreadFunc@GraphWnd@EasyX@@CGKPAX@Z) 中參考了無法解析的外部符號
EasyXw.lib(EasyX.InputBox.obj) : error LNK2001: 無法解析的外部符號 __imp__CreateWindowExW@48
EasyXw.lib(EasyX.GraphWnd.obj) : error LNK2019: 在函式 __imp__DestroyWindow@4"public: void __thiscall EasyX::GraphWnd::CloseGraphWnd(void)" (?CloseGraphWnd@GraphWnd@EasyX@@QAEXXZ) 中參考了無法解析的外部符號
EasyXw.lib(EasyX.InputBox.obj) : error LNK2001: 無法解析的外部符號 __imp__DestroyWindow@4
EasyXw.lib(EasyX.GraphWnd.obj) : error LNK2019: 在函式 __imp__ShowWindow@8"public: void __thiscall EasyX::GraphWnd::CloseGraphWnd(void)" (?CloseGraphWnd@GraphWnd@EasyX@@QAEXXZ) 中參考了無法解析的外部符號
EasyXw.lib(EasyX.InputBox.obj) : error LNK2001: 無法解析的外部符號 __imp__ShowWindow@8
EasyXw.lib(EasyX.GraphWnd.obj) : error LNK2019: 在函式 __imp__SetWindowPos@28"public: void __thiscall EasyX::GraphWnd::CloseGraphWnd(void)" (?CloseGraphWnd@GraphWnd@EasyX@@QAEXXZ) 中參考了無法解析的外部符號
EasyXw.lib(EasyX.GraphWnd.obj) : error LNK2019: 在函式 __imp__IsWindowVisible@4"public: void __thiscall EasyX::GraphWnd::CloseGraphWnd(void)" (?CloseGraphWnd@GraphWnd@EasyX@@QAEXXZ) 中參考了無法解析的外部符號
EasyXw.lib(EasyX.GraphWnd.obj) : error LNK2019: 在函式 __imp__GetDC@4"public: struct HWND__ * __thiscall EasyX::GraphWnd::InitGraphWnd(int,int,int)" (?InitGraphWnd@GraphWnd@EasyX@@QAEPAUHWND__@@HHH@Z) 中參考了無法解析的外部符號
EasyXw.lib(EasyX.DrawOnImg.obj) : error LNK2001: 無法解析的外部符號 __imp__GetDC@4
EasyXw.lib(EasyX.GraphWnd.obj) : error LNK2019: 在函式 __imp__ReleaseDC@8"public: void __thiscall EasyX::GraphWnd::CloseGraphWnd(void)" (?CloseGraphWnd@GraphWnd@EasyX@@QAEXXZ) 中參考了無法解析的外部符號
EasyXw.lib(EasyX.DrawOnImg.obj) : error LNK2001: 無法解析的外部符號 __imp__ReleaseDC@8
EasyXw.lib(EasyX.GraphWnd.obj) : error LNK2019: 在函式 __imp__ValidateRect@8"private: static long __stdcall EasyX::GraphWnd::WndProc(struct HWND__ *,unsigned int,unsigned int,long)" (?WndProc@GraphWnd@EasyX@@CGJPAUHWND__@@IIJ@Z) 中參考了無法解析的外部符號
EasyXw.lib(EasyX.GraphWnd.obj) : error LNK2019: 在函式 __imp__GetWindowRect@8"public: void __thiscall EasyX::GraphWnd::CloseGraphWnd(void)" (?CloseGraphWnd@GraphWnd@EasyX@@QAEXXZ) 中參考了無法解析的外部符號
EasyXw.lib(EasyX.InputBox.obj) : error LNK2001: 無法解析的外部符號 __imp__GetWindowRect@8
EasyXw.lib(EasyX.GraphWnd.obj) : error LNK2019: 在函式 __imp__AdjustWindowRectEx@16"public: virtual void __thiscall EasyX::GraphWnd::Resize(int,int)" (?Resize@GraphWnd@EasyX@@UAEXHH@Z) 中參考了無法解析的外部符號
EasyXw.lib(EasyX.InputBox.obj) : error LNK2001: 無法解析的外部符號 __imp__AdjustWindowRectEx@16
EasyXw.lib(EasyX.GraphWnd.obj) : error LNK2019: 在函式 __imp__ScreenToClient@8"private: static long __stdcall EasyX::GraphWnd::WndProc(struct HWND__ *,unsigned int,unsigned int,long)" (?WndProc@GraphWnd@EasyX@@CGJPAUHWND__@@IIJ@Z) 中參考了無法解析的外部符號
EasyXw.lib(EasyX.GraphWnd.obj) : error LNK2019: 在函式 __imp__LoadCursorW@8"private: static unsigned long __stdcall EasyX::GraphWnd::ThreadFunc(void *)" (?ThreadFunc@GraphWnd@EasyX@@CGKPAX@Z) 中參考了無法解析的外部符號
EasyXw.lib(EasyX.InputBox.obj) : error LNK2001: 無法解析的外部符號 __imp__LoadCursorW@8
EasyXw.lib(EasyX.GraphWnd.obj) : error LNK2019: 在函式 __imp__DestroyIcon@4"private: static unsigned long __stdcall EasyX::GraphWnd::ThreadFunc(void *)" (?ThreadFunc@GraphWnd@EasyX@@CGKPAX@Z) 中參考了無法解析的外部符號
EasyXw.lib(EasyX.GraphWnd.obj) : error LNK2019: 在函式 __imp__ExtractIconW@12"private: static unsigned long __stdcall EasyX::GraphWnd::ThreadFunc(void *)" (?ThreadFunc@GraphWnd@EasyX@@CGKPAX@Z) 中參考了無法解析的外部符號
EasyXw.lib(EasyX.ImageFunc.obj) : error LNK2019: 在函式 __imp__CreateDIBSection@24"public: static struct HBITMAP__ * __cdecl EasyX::ImageFunc::CreateBmp(int,int,unsigned long * *)" (?CreateBmp@ImageFunc@EasyX@@SAPAUHBITMAP__@@HHPAPAK@Z) 中參考了無法解析的外部符號
EasyXw.lib(EasyX.ImageFunc.obj) : error LNK2019: 在函式 __imp__CreateStreamOnHGlobal@12"private: static void __cdecl EasyX::ImageFunc::LoadImageFromMem(class EasyX::GlobalMemory *,class IMAGE *,int,int,bool)" (?LoadImageFromMem@ImageFunc@EasyX@@CAXPAVGlobalMemory@2@PAVIMAGE@@HH_N@Z) 中參考了無法解析的外部符號
EasyXw.lib(EasyX.InputBox.obj) : error LNK2019: 在函式 __imp__GetMessageW@16"public: bool __thiscall CInputBox::DoModal(void)" (?DoModal@CInputBox@@QAE_NXZ) 中參考了無法解析的外部符號
EasyXw.lib(EasyX.InputBox.obj) : error LNK2019: 在函式 __imp__GetClassInfoExW@12"public: __thiscall CInputBox::CInputBox(struct HWND__ *,wchar_t *,int,wchar_t const *,wchar_t const *,wchar_t const *,int,int,bool)" (??0CInputBox@@QAE@PAUHWND__@@PA_WHPB_W22HH_N@Z) 中參考了無法解析的外部符號
EasyXw.lib(EasyX.InputBox.obj) : error LNK2019: 在函式 __imp__SetFocus@4"public: bool __thiscall CInputBox::DoModal(void)" (?DoModal@CInputBox@@QAE_NXZ) 中參考了無法解析的外部符號
EasyXw.lib(EasyX.InputBox.obj) : error LNK2019: 在函式 __imp__GetFocus@0"public: bool __thiscall CInputBox::DoModal(void)" (?DoModal@CInputBox@@QAE_NXZ) 中參考了無法解析的外部符號
EasyXw.lib(EasyX.InputBox.obj) : error LNK2019: 在函式 __imp__GetKeyState@4"public: bool __thiscall CInputBox::DoModal(void)" (?DoModal@CInputBox@@QAE_NXZ) 中參考了無法解析的外部符號
EasyXw.lib(EasyX.InputBox.obj) : error LNK2019: 在函式 __imp__EnableWindow@8"public: bool __thiscall CInputBox::DoModal(void)" (?DoModal@CInputBox@@QAE_NXZ) 中參考了無法解析的外部符號
EasyXw.lib(EasyX.InputBox.obj) : error LNK2019: 在函式 __imp__DrawTextW@20"public: __thiscall CInputBox::CInputBox(struct HWND__ *,wchar_t *,int,wchar_t const *,wchar_t const *,wchar_t const *,int,int,bool)" (??0CInputBox@@QAE@PAUHWND__@@PA_WHPB_W22HH_N@Z) 中參考了無法解析的外部符號
EasyXw.lib(EasyX.DrawOnImg.obj) : error LNK2001: 無法解析的外部符號 __imp__DrawTextW@20
EasyXw.lib(EasyX.InputBox.obj) : error LNK2019: 在函式 __imp__UpdateWindow@4"public: bool __thiscall CInputBox::DoModal(void)" (?DoModal@CInputBox@@QAE_NXZ) 中參考了無法解析的外部符號
EasyXw.lib(EasyX.InputBox.obj) : error LNK2019: 在函式 __imp__SetForegroundWindow@4"public: bool __thiscall CInputBox::DoModal(void)" (?DoModal@CInputBox@@QAE_NXZ) 中參考了無法解析的外部符號
EasyXw.lib(EasyX.InputBox.obj) : error LNK2019: 在函式 __imp__GetWindowTextW@12"public: bool __thiscall CInputBox::DoModal(void)" (?DoModal@CInputBox@@QAE_NXZ) 中參考了無法解析的外部符號
EasyXw.lib(EasyX.InputBox.obj) : error LNK2019: 在函式 __imp__GetWindowTextLengthW@4"public: bool __thiscall CInputBox::DoModal(void)" (?DoModal@CInputBox@@QAE_NXZ) 中參考了無法解析的外部符號
EasyXw.lib(EasyX.InputBox.obj) : error LNK2019: 在函式 __imp__GetClientRect@8"private: void __thiscall CInputBox::OnInitDialog(struct HWND__ *)" (?OnInitDialog@CInputBox@@AAEXPAUHWND__@@@Z) 中參考了無法解析的外部符號
EasyXw.lib(EasyX.InputBox.obj) : error LNK2019: 在函式 __imp__SystemParametersInfoW@16"public: bool __thiscall CInputBox::DoModal(void)" (?DoModal@CInputBox@@QAE_NXZ) 中參考了無法解析的外部符號
EasyXw.lib(EasyX.Var.obj) : error LNK2019: 在函式 __imp__GdiSetBatchLimit@4"public: __thiscall EasyX::InitGlobalVar::InitGlobalVar(void)" (??0InitGlobalVar@EasyX@@QAE@XZ) 中參考了無法解析的外部符號
EasyXw.lib(EasyX.DrawOnImg.obj) : error LNK2019: 在函式 __imp__Arc@36"public: virtual void __thiscall EasyX::DrawOnImg::arc(int,int,int,int,double,double)" (?arc@DrawOnImg@EasyX@@UAEXHHHHNN@Z) 中參考了無法解析的外部符號
EasyXw.lib(EasyX.DrawOnImg.obj) : error LNK2019: 在函式 __imp__CreateBitmap@20"public: virtual void __thiscall EasyX::DrawOnImg::setfillstyle(class FILLSTYLE const *)" (?setfillstyle@DrawOnImg@EasyX@@UAEXPBVFILLSTYLE@@@Z) 中參考了無法解析的外部符號
EasyXw.lib(EasyX.DrawOnImg.obj) : error LNK2019: 在函式 __imp__CreateBrushIndirect@4"public: virtual void __thiscall EasyX::DrawOnImg::setfillstyle(class FILLSTYLE const *)" (?setfillstyle@DrawOnImg@EasyX@@UAEXPBVFILLSTYLE@@@Z) 中參考了無法解析的外部符號
EasyXw.lib(EasyX.DrawOnImg.obj) : error LNK2019: 在函式 __imp__CreateRectRgn@16"public: virtual void __thiscall EasyX::DrawOnImg::clearcliprgn(void)" (?clearcliprgn@DrawOnImg@EasyX@@UAEXXZ) 中參考了無法解析的外部符號
EasyXw.lib(EasyX.DrawOnImg.obj) : error LNK2019: 在函式 __imp__Ellipse@20"public: virtual void __thiscall EasyX::DrawOnImg::fillcircle(int,int,int)" (?fillcircle@DrawOnImg@EasyX@@UAEXHHH@Z) 中參考了無法解析的外部符號
EasyXw.lib(EasyX.DrawOnImg.obj) : error LNK2019: 在函式 __imp__ExtFloodFill@20"public: virtual void __thiscall EasyX::DrawOnImg::floodfill(int,int,unsigned long,int)" (?floodfill@DrawOnImg@EasyX@@UAEXHHKH@Z) 中參考了無法解析的外部符號
EasyXw.lib(EasyX.DrawOnImg.obj) : error LNK2019: 在函式 __imp__FillRgn@12"public: virtual void __thiscall EasyX::DrawOnImg::clearcliprgn(void)" (?clearcliprgn@DrawOnImg@EasyX@@UAEXXZ) 中參考了無法解析的外部符號
EasyXw.lib(EasyX.DrawOnImg.obj) : error LNK2019: 在函式 __imp__GetROP2@4"public: virtual int __thiscall EasyX::DrawOnImg::getrop2(void)" (?getrop2@DrawOnImg@EasyX@@UAEHXZ) 中參考了無法解析的外部符號
EasyXw.lib(EasyX.DrawOnImg.obj) : error LNK2019: 在函式 __imp__GetBkMode@4"public: virtual int __thiscall EasyX::DrawOnImg::getbkmode(void)" (?getbkmode@DrawOnImg@EasyX@@UAEHXZ) 中參考了無法解析的外部符號
EasyXw.lib(EasyX.DrawOnImg.obj) : error LNK2019: 在函式 __imp__GetClipRgn@8"public: virtual void __thiscall EasyX::DrawOnImg::clearcliprgn(void)" (?clearcliprgn@DrawOnImg@EasyX@@UAEXXZ) 中參考了無法解析的外部符號
EasyXw.lib(EasyX.DrawOnImg.obj) : error LNK2019: 在函式 __imp__GetCurrentObject@8"public: virtual void __thiscall EasyX::DrawOnImg::gettextstyle(struct tagLOGFONTW *)" (?gettextstyle@DrawOnImg@EasyX@@UAEXPAUtagLOGFONTW@@@Z) 中參考了無法解析的外部符號
EasyXw.lib(EasyX.DrawOnImg.obj) : error LNK2019: 在函式 __imp__GetDIBits@28"protected: void * __thiscall EasyX::DrawOnImg::DDBToDIB(class IMAGE *,unsigned long,struct HPALETTE__ *)" (?DDBToDIB@DrawOnImg@EasyX@@IAEPAXPAVIMAGE@@KPAUHPALETTE__@@@Z) 中參考了無法解析的外部符號
EasyXw.lib(EasyX.DrawOnImg.obj) : error LNK2019: 在函式 __imp__GetPixel@12"public: virtual unsigned long __thiscall EasyX::DrawOnImg::getpixel(int,int)" (?getpixel@DrawOnImg@EasyX@@UAEKHH@Z) 中參考了無法解析的外部符號
EasyXw.lib(EasyX.DrawOnImg.obj) : error LNK2019: 在函式 __imp__GetPolyFillMode@4"public: virtual int __thiscall EasyX::DrawOnImg::getpolyfillmode(void)" (?getpolyfillmode@DrawOnImg@EasyX@@UAEHXZ) 中參考了無法解析的外部符號
EasyXw.lib(EasyX.DrawOnImg.obj) : error LNK2019: 在函式 __imp__GetTextExtentPoint32W@16"public: virtual int __thiscall EasyX::DrawOnImg::textheight(wchar_t const *)" (?textheight@DrawOnImg@EasyX@@UAEHPB_W@Z) 中參考了無法解析的外部符號
EasyXw.lib(EasyX.DrawOnImg.obj) : error LNK2019: 在函式 __imp__LineTo@12"public: virtual void __thiscall EasyX::DrawOnImg::line(int,int,int,int)" (?line@DrawOnImg@EasyX@@UAEXHHHH@Z) 中參考了無法解析的外部符號
EasyXw.lib(EasyX.DrawOnImg.obj) : error LNK2019: 在函式 __imp__Pie@36"public: virtual void __thiscall EasyX::DrawOnImg::fillpie(int,int,int,int,double,double)" (?fillpie@DrawOnImg@EasyX@@UAEXHHHHNN@Z) 中參考了無法解析的外部符號
EasyXw.lib(EasyX.DrawOnImg.obj) : error LNK2019: 在函式 __imp__Rectangle@20"public: virtual void __thiscall EasyX::DrawOnImg::fillrectangle(int,int,int,int)" (?fillrectangle@DrawOnImg@EasyX@@UAEXHHHH@Z) 中參考了無法解析的外部符號
EasyXw.lib(EasyX.DrawOnImg.obj) : error LNK2019: 在函式 __imp__RealizePalette@4"protected: void * __thiscall EasyX::DrawOnImg::DDBToDIB(class IMAGE *,unsigned long,struct HPALETTE__ *)" (?DDBToDIB@DrawOnImg@EasyX@@IAEPAXPAVIMAGE@@KPAUHPALETTE__@@@Z) 中參考了無法解析的外部符號
EasyXw.lib(EasyX.DrawOnImg.obj) : error LNK2019: 在函式 __imp__RoundRect@28"public: virtual void __thiscall EasyX::DrawOnImg::fillroundrect(int,int,int,int,int,int)" (?fillroundrect@DrawOnImg@EasyX@@UAEXHHHHHH@Z) 中參考了無法解析的外部符號
EasyXw.lib(EasyX.DrawOnImg.obj) : error LNK2019: 在函式 __imp__SelectPalette@12"protected: void * __thiscall EasyX::DrawOnImg::DDBToDIB(class IMAGE *,unsigned long,struct HPALETTE__ *)" (?DDBToDIB@DrawOnImg@EasyX@@IAEPAXPAVIMAGE@@KPAUHPALETTE__@@@Z) 中參考了無法解析的外部符號
EasyXw.lib(EasyX.DrawOnImg.obj) : error LNK2019: 在函式 __imp__SetPixelV@16"public: virtual void __thiscall EasyX::DrawOnImg::putpixel(int,int,unsigned long)" (?putpixel@DrawOnImg@EasyX@@UAEXHHK@Z) 中參考了無法解析的外部符號
EasyXw.lib(EasyX.DrawOnImg.obj) : error LNK2019: 在函式 __imp__SetPolyFillMode@8"public: virtual void __thiscall EasyX::DrawOnImg::setpolyfillmode(int)" (?setpolyfillmode@DrawOnImg@EasyX@@UAEXH@Z) 中參考了無法解析的外部符號
EasyXw.lib(EasyX.DrawOnImg.obj) : error LNK2019: 在函式 __imp__SetROP2@8"public: virtual void __thiscall EasyX::DrawOnImg::setrop2(int)" (?setrop2@DrawOnImg@EasyX@@UAEXH@Z) 中參考了無法解析的外部符號
EasyXw.lib(EasyX.DrawOnImg.obj) : error LNK2019: 在函式 __imp__ExtCreatePen@20"public: virtual void __thiscall EasyX::DrawOnImg::setlinestyle(class LINESTYLE const *)" (?setlinestyle@DrawOnImg@EasyX@@UAEXPBVLINESTYLE@@@Z) 中參考了無法解析的外部符號
EasyXw.lib(EasyX.DrawOnImg.obj) : error LNK2019: 在函式 __imp__GetObjectW@12"protected: void * __thiscall EasyX::DrawOnImg::DDBToDIB(class IMAGE *,unsigned long,struct HPALETTE__ *)" (?DDBToDIB@DrawOnImg@EasyX@@IAEPAXPAVIMAGE@@KPAUHPALETTE__@@@Z) 中參考了無法解析的外部符號
EasyXw.lib(EasyX.DrawOnImg.obj) : error LNK2019: 在函式 __imp__TextOutW@20"public: virtual void __thiscall EasyX::DrawOnImg::outtextxy(int,int,wchar_t const *)" (?outtextxy@DrawOnImg@EasyX@@UAEXHHPB_W@Z) 中參考了無法解析的外部符號
EasyXw.lib(EasyX.DrawOnImg.obj) : error LNK2019: 在函式 __imp__Polygon@12"public: virtual void __thiscall EasyX::DrawOnImg::fillpolygon(struct tagPOINT const *,int)" (?fillpolygon@DrawOnImg@EasyX@@UAEXPBUtagPOINT@@H@Z) 中參考了無法解析的外部符號
EasyXw.lib(EasyX.DrawOnImg.obj) : error LNK2019: 在函式 __imp__Polyline@12"public: virtual void __thiscall EasyX::DrawOnImg::polyline(struct tagPOINT const *,int)" (?polyline@DrawOnImg@EasyX@@UAEXPBUtagPOINT@@H@Z) 中參考了無法解析的外部符號
EasyXw.lib(EasyX.DrawOnImg.obj) : error LNK2019: 在函式 __imp__PolyBezier@12"public: virtual void __thiscall EasyX::DrawOnImg::polybezier(struct tagPOINT const *,int)" (?polybezier@DrawOnImg@EasyX@@UAEXPBUtagPOINT@@H@Z) 中參考了無法解析的外部符號
EasyXw.lib(EasyX.GdiPlus.obj) : error LNK2019: 在函式 __imp__CoUninitialize@0"void __cdecl GdiPlus::Shutdown(void)" (?Shutdown@GdiPlus@@YAXXZ) 中參考了無法解析的外部符號
EasyXw.lib(EasyX.GdiPlus.obj) : error LNK2019: 在函式 __imp__CoInitialize@4"void __cdecl GdiPlus::Startup(void)" (?Startup@GdiPlus@@YAXXZ) 中參考了無法解析的外部符號
C:\Users\USER\Desktop\GIT\nitghTest\ChineseChess\ChineseChess\Debug\ChineseChess.exe : fatal error LNK1120: 87 個無法解析的外部符號
